<?xml version="1.0" encoding="UTF-8"?>
<testsuite name="system787.wowtool.data.AppTestCase" tests="1" skipped="0" failures="0" errors="0" timestamp="2019-07-18T10:29:04" hostname="Vincents-iMac" time="0.954">
  <properties/>
  <testcase name="getTokenTest" classname="system787.wowtool.data.AppTestCase" time="0.954"/>
  <system-out><![CDATA[USNPaxBlQioxmJSidS3lq4vFO1Mau3jQ87
]]></system-out>
  <system-err><![CDATA[Jul 18, 2019 3:29:05 AM system787.wowtool.data.net.oauth.OauthApiImpl getToken
INFO: Request Body: Request{method=POST, url=https://us.battle.net/oauth/token, headers=[Authorization:Basic OGMxYzc4ZTFkNjE3NDJiMzljM2ZkZmU5YjQ4ZjUwZmY6Q1k2U2dkM3A1OHRVaHVNdFlRV0V2NDlMYktFdXdFUlc=]}
Jul 18, 2019 3:29:05 AM system787.wowtool.data.net.oauth.OauthApiImpl getToken
INFO: Request Header: Authorization: Basic OGMxYzc4ZTFkNjE3NDJiMzljM2ZkZmU5YjQ4ZjUwZmY6Q1k2U2dkM3A1OHRVaHVNdFlRV0V2NDlMYktFdXdFUlc=

Jul 18, 2019 3:29:05 AM system787.wowtool.data.net.oauth.OauthApiImpl getToken
INFO: Response from server: {"access_token":"USNPaxBlQioxmJSidS3lq4vFO1Mau3jQ87","token_type":"bearer","expires_in":86399}
]]></system-err>
</testsuite>
